Compiling the C compiler identification source file "CMakeCCompilerId.c" failed.
Compiler: /apps/gcc-arm-none/bin/arm-none-eabi-gcc 
Build flags: ;-mcpu=cortex-m0plus;-mthumb
Id flags:  

The output was:
1
/apps/gcc-arm-none/bin/../lib/gcc/arm-none-eabi/11.3.1/../../../../arm-none-eabi/bin/ld: /apps/gcc-arm-none/bin/../lib/gcc/arm-none-eabi/11.3.1/../../../../arm-none-eabi/lib/thumb/v6-m/nofp/libc.a(libc_a-exit.o): in function `exit':
/data/jenkins/workspace/GNU-toolchain/arm-11/src/newlib-cygwin/newlib/libc/stdlib/exit.c:65: undefined reference to `_exit'
/apps/gcc-arm-none/bin/../lib/gcc/arm-none-eabi/11.3.1/../../../../arm-none-eabi/bin/ld: /apps/gcc-arm-none/bin/../lib/gcc/arm-none-eabi/11.3.1/../../../../arm-none-eabi/lib/thumb/v6-m/nofp/libc.a(libc_a-writer.o): in function `_write_r':
/data/jenkins/workspace/GNU-toolchain/arm-11/src/newlib-cygwin/newlib/libc/reent/writer.c:49: undefined reference to `_write'
/apps/gcc-arm-none/bin/../lib/gcc/arm-none-eabi/11.3.1/../../../../arm-none-eabi/bin/ld: /apps/gcc-arm-none/bin/../lib/gcc/arm-none-eabi/11.3.1/../../../../arm-none-eabi/lib/thumb/v6-m/nofp/libc.a(libc_a-closer.o): in function `_close_r':
/data/jenkins/workspace/GNU-toolchain/arm-11/src/newlib-cygwin/newlib/libc/reent/closer.c:47: undefined reference to `_close'
/apps/gcc-arm-none/bin/../lib/gcc/arm-none-eabi/11.3.1/../../../../arm-none-eabi/bin/ld: /apps/gcc-arm-none/bin/../lib/gcc/arm-none-eabi/11.3.1/../../../../arm-none-eabi/lib/thumb/v6-m/nofp/libc.a(libc_a-lseekr.o): in function `_lseek_r':
/data/jenkins/workspace/GNU-toolchain/arm-11/src/newlib-cygwin/newlib/libc/reent/lseekr.c:49: undefined reference to `_lseek'
/apps/gcc-arm-none/bin/../lib/gcc/arm-none-eabi/11.3.1/../../../../arm-none-eabi/bin/ld: /apps/gcc-arm-none/bin/../lib/gcc/arm-none-eabi/11.3.1/../../../../arm-none-eabi/lib/thumb/v6-m/nofp/libc.a(libc_a-readr.o): in function `_read_r':
/data/jenkins/workspace/GNU-toolchain/arm-11/src/newlib-cygwin/newlib/libc/reent/readr.c:49: undefined reference to `_read'
/apps/gcc-arm-none/bin/../lib/gcc/arm-none-eabi/11.3.1/../../../../arm-none-eabi/bin/ld: /apps/gcc-arm-none/bin/../lib/gcc/arm-none-eabi/11.3.1/../../../../arm-none-eabi/lib/thumb/v6-m/nofp/libc.a(libc_a-sbrkr.o): in function `_sbrk_r':
/data/jenkins/workspace/GNU-toolchain/arm-11/src/newlib-cygwin/newlib/libc/reent/sbrkr.c:51: undefined reference to `_sbrk'
collect2: error: ld returned 1 exit status


Compiling the CXX compiler identification source file "CMakeCXXCompilerId.cpp" failed.
Compiler: /apps/gcc-arm-none/bin/arm-none-eabi-g++ 
Build flags: ;-mcpu=cortex-m0plus;-mthumb
Id flags:  

The output was:
1
/apps/gcc-arm-none/bin/../lib/gcc/arm-none-eabi/11.3.1/../../../../arm-none-eabi/bin/ld: /apps/gcc-arm-none/bin/../lib/gcc/arm-none-eabi/11.3.1/../../../../arm-none-eabi/lib/thumb/v6-m/nofp/libc.a(libc_a-exit.o): in function `exit':
/data/jenkins/workspace/GNU-toolchain/arm-11/src/newlib-cygwin/newlib/libc/stdlib/exit.c:65: undefined reference to `_exit'
/apps/gcc-arm-none/bin/../lib/gcc/arm-none-eabi/11.3.1/../../../../arm-none-eabi/bin/ld: /apps/gcc-arm-none/bin/../lib/gcc/arm-none-eabi/11.3.1/../../../../arm-none-eabi/lib/thumb/v6-m/nofp/libc.a(libc_a-writer.o): in function `_write_r':
/data/jenkins/workspace/GNU-toolchain/arm-11/src/newlib-cygwin/newlib/libc/reent/writer.c:49: undefined reference to `_write'
/apps/gcc-arm-none/bin/../lib/gcc/arm-none-eabi/11.3.1/../../../../arm-none-eabi/bin/ld: /apps/gcc-arm-none/bin/../lib/gcc/arm-none-eabi/11.3.1/../../../../arm-none-eabi/lib/thumb/v6-m/nofp/libc.a(libc_a-closer.o): in function `_close_r':
/data/jenkins/workspace/GNU-toolchain/arm-11/src/newlib-cygwin/newlib/libc/reent/closer.c:47: undefined reference to `_close'
/apps/gcc-arm-none/bin/../lib/gcc/arm-none-eabi/11.3.1/../../../../arm-none-eabi/bin/ld: /apps/gcc-arm-none/bin/../lib/gcc/arm-none-eabi/11.3.1/../../../../arm-none-eabi/lib/thumb/v6-m/nofp/libc.a(libc_a-lseekr.o): in function `_lseek_r':
/data/jenkins/workspace/GNU-toolchain/arm-11/src/newlib-cygwin/newlib/libc/reent/lseekr.c:49: undefined reference to `_lseek'
/apps/gcc-arm-none/bin/../lib/gcc/arm-none-eabi/11.3.1/../../../../arm-none-eabi/bin/ld: /apps/gcc-arm-none/bin/../lib/gcc/arm-none-eabi/11.3.1/../../../../arm-none-eabi/lib/thumb/v6-m/nofp/libc.a(libc_a-readr.o): in function `_read_r':
/data/jenkins/workspace/GNU-toolchain/arm-11/src/newlib-cygwin/newlib/libc/reent/readr.c:49: undefined reference to `_read'
/apps/gcc-arm-none/bin/../lib/gcc/arm-none-eabi/11.3.1/../../../../arm-none-eabi/bin/ld: /apps/gcc-arm-none/bin/../lib/gcc/arm-none-eabi/11.3.1/../../../../arm-none-eabi/lib/thumb/v6-m/nofp/libc.a(libc_a-sbrkr.o): in function `_sbrk_r':
/data/jenkins/workspace/GNU-toolchain/arm-11/src/newlib-cygwin/newlib/libc/reent/sbrkr.c:51: undefined reference to `_sbrk'
collect2: error: ld returned 1 exit status


