The target system is: PICO -  - cortex-m0plus
The host system is: Linux - 5.10.16.3-microsoft-standard-WSL2 - x86_64
Compiling the C compiler identification source file "CMakeCCompilerId.c" succeeded.
Compiler: /apps/gcc-arm-none/bin/arm-none-eabi-gcc 
Build flags: ;-mcpu=cortex-m0plus;-mthumb
Id flags: -c 

The output was:
0


Compilation of the C compiler identification source "CMakeCCompilerId.c" produced "CMakeCCompilerId.o"

The C compiler identification is GNU, found in "/workspaces/pico-sdk-blink/bulid/CMakeFiles/3.22.1/CompilerIdC/CMakeCCompilerId.o"

Compiling the CXX compiler identification source file "CMakeCXXCompilerId.cpp" succeeded.
Compiler: /apps/gcc-arm-none/bin/arm-none-eabi-g++ 
Build flags: ;-mcpu=cortex-m0plus;-mthumb
Id flags: -c 

The output was:
0


Compilation of the CXX compiler identification source "CMakeCXXCompilerId.cpp" produced "CMakeCXXCompilerId.o"

The CXX compiler identification is GNU, found in "/workspaces/pico-sdk-blink/bulid/CMakeFiles/3.22.1/CompilerIdCXX/CMakeCXXCompilerId.o"

Checking whether the ASM compiler is GNU using "--version" matched "(GNU assembler)|(GCC)|(Free Software Foundation)":
arm-none-eabi-gcc (Arm GNU Toolchain 11.3.Rel1) 11.3.1 20220712
Copyright (C) 2021 Free Software Foundation, Inc.
This is free software; see the source for copying conditions.  There is NO
warranty; not even for MERCHANTABILITY or FITNESS FOR A PARTICULAR PURPOSE.

Detecting C compiler ABI info compiled with the following output:
Change Dir: /workspaces/pico-sdk-blink/bulid/CMakeFiles/CMakeTmp

Run Build Command(s):/usr/bin/gmake -f Makefile cmTC_4255e/fast && /usr/bin/gmake  -f CMakeFiles/cmTC_4255e.dir/build.make CMakeFiles/cmTC_4255e.dir/build
gmake[1]: Entering directory '/workspaces/pico-sdk-blink/bulid/CMakeFiles/CMakeTmp'
Building C object CMakeFiles/cmTC_4255e.dir/CMakeCCompilerABI.c.obj
/apps/gcc-arm-none/bin/arm-none-eabi-gcc   -mcpu=cortex-m0plus -mthumb    -v -std=gnu11 -o CMakeFiles/cmTC_4255e.dir/CMakeCCompilerABI.c.obj -c /usr/share/cmake-3.22/Modules/CMakeCCompilerABI.c
Using built-in specs.
COLLECT_GCC=/apps/gcc-arm-none/bin/arm-none-eabi-gcc
Target: arm-none-eabi
Configured with: /data/jenkins/workspace/GNU-toolchain/arm-11/src/gcc/configure --target=arm-none-eabi --prefix=/data/jenkins/workspace/GNU-toolchain/arm-11/build-arm-none-eabi/install --with-gmp=/data/jenkins/workspace/GNU-toolchain/arm-11/build-arm-none-eabi/host-tools --with-mpfr=/data/jenkins/workspace/GNU-toolchain/arm-11/build-arm-none-eabi/host-tools --with-mpc=/data/jenkins/workspace/GNU-toolchain/arm-11/build-arm-none-eabi/host-tools --with-isl=/data/jenkins/workspace/GNU-toolchain/arm-11/build-arm-none-eabi/host-tools --disable-shared --disable-nls --disable-threads --disable-tls --enable-checking=release --enable-languages=c,c++,fortran --with-newlib --with-gnu-as --with-gnu-ld --with-sysroot=/data/jenkins/workspace/GNU-toolchain/arm-11/build-arm-none-eabi/install/arm-none-eabi --with-multilib-list=aprofile,rmprofile --with-pkgversion='Arm GNU Toolchain 11.3.Rel1' --with-bugurl=https://bugs.linaro.org/
Thread model: single
Supported LTO compression algorithms: zlib
gcc version 11.3.1 20220712 (Arm GNU Toolchain 11.3.Rel1) 
COLLECT_GCC_OPTIONS='-mcpu=cortex-m0plus' '-mthumb' '-v' '-std=gnu11' '-o' 'CMakeFiles/cmTC_4255e.dir/CMakeCCompilerABI.c.obj' '-c' '-mfloat-abi=soft' '-mlibarch=armv6s-m' '-march=armv6s-m' '-dumpdir' 'CMakeFiles/cmTC_4255e.dir/'
 /apps/gcc-arm-none/bin/../libexec/gcc/arm-none-eabi/11.3.1/cc1 -quiet -v -imultilib thumb/v6-m/nofp -iprefix /apps/gcc-arm-none/bin/../lib/gcc/arm-none-eabi/11.3.1/ -isysroot /apps/gcc-arm-none/bin/../arm-none-eabi -D__USES_INITFINI__ /usr/share/cmake-3.22/Modules/CMakeCCompilerABI.c -quiet -dumpdir CMakeFiles/cmTC_4255e.dir/ -dumpbase CMakeCCompilerABI.c.c -dumpbase-ext .c -mcpu=cortex-m0plus -mthumb -mfloat-abi=soft -mlibarch=armv6s-m -march=armv6s-m -std=gnu11 -version -o /tmp/ccdZ6zMp.s
GNU C11 (Arm GNU Toolchain 11.3.Rel1) version 11.3.1 20220712 (arm-none-eabi)
	compiled by GNU C version 4.8.5 20150623 (Red Hat 4.8.5-44), GMP version 6.2.1, MPFR version 3.1.6, MPC version 1.0.3, isl version isl-0.15-1-g835ea3a-GMP

GGC heuristics: --param ggc-min-expand=100 --param ggc-min-heapsize=131072
ignoring duplicate directory "/apps/gcc-arm-none/bin/../lib/gcc/../../lib/gcc/arm-none-eabi/11.3.1/include"
ignoring nonexistent directory "/apps/gcc-arm-none/bin/../arm-none-eabi/usr/local/include"
ignoring duplicate directory "/apps/gcc-arm-none/bin/../lib/gcc/../../lib/gcc/arm-none-eabi/11.3.1/include-fixed"
ignoring duplicate directory "/apps/gcc-arm-none/bin/../lib/gcc/../../lib/gcc/arm-none-eabi/11.3.1/../../../../arm-none-eabi/include"
ignoring nonexistent directory "/apps/gcc-arm-none/bin/../arm-none-eabi/usr/include"
#include "..." search starts here:
#include <...> search starts here:
 /apps/gcc-arm-none/bin/../lib/gcc/arm-none-eabi/11.3.1/include
 /apps/gcc-arm-none/bin/../lib/gcc/arm-none-eabi/11.3.1/include-fixed
 /apps/gcc-arm-none/bin/../lib/gcc/arm-none-eabi/11.3.1/../../../../arm-none-eabi/include
End of search list.
GNU C11 (Arm GNU Toolchain 11.3.Rel1) version 11.3.1 20220712 (arm-none-eabi)
	compiled by GNU C version 4.8.5 20150623 (Red Hat 4.8.5-44), GMP version 6.2.1, MPFR version 3.1.6, MPC version 1.0.3, isl version isl-0.15-1-g835ea3a-GMP

GGC heuristics: --param ggc-min-expand=100 --param ggc-min-heapsize=131072
Compiler executable checksum: 801c9e4705ed9ec92526a3ce66f3ab92
COLLECT_GCC_OPTIONS='-mcpu=cortex-m0plus' '-mthumb' '-v' '-std=gnu11' '-o' 'CMakeFiles/cmTC_4255e.dir/CMakeCCompilerABI.c.obj' '-c' '-mfloat-abi=soft' '-mlibarch=armv6s-m' '-march=armv6s-m' '-dumpdir' 'CMakeFiles/cmTC_4255e.dir/'
 /apps/gcc-arm-none/bin/../lib/gcc/arm-none-eabi/11.3.1/../../../../arm-none-eabi/bin/as -v -march=armv6s-m -mfloat-abi=soft -meabi=5 -o CMakeFiles/cmTC_4255e.dir/CMakeCCompilerABI.c.obj /tmp/ccdZ6zMp.s
GNU assembler version 2.38 (arm-none-eabi) using BFD version (Arm GNU Toolchain 11.3.Rel1) 2.38.20220708
COMPILER_PATH=/apps/gcc-arm-none/bin/../libexec/gcc/arm-none-eabi/11.3.1/:/apps/gcc-arm-none/bin/../libexec/gcc/:/apps/gcc-arm-none/bin/../lib/gcc/arm-none-eabi/11.3.1/../../../../arm-none-eabi/bin/
LIBRARY_PATH=/apps/gcc-arm-none/bin/../lib/gcc/arm-none-eabi/11.3.1/thumb/v6-m/nofp/:/apps/gcc-arm-none/bin/../lib/gcc/arm-none-eabi/11.3.1/../../../../arm-none-eabi/lib/thumb/v6-m/nofp/:/apps/gcc-arm-none/bin/../arm-none-eabi/lib/thumb/v6-m/nofp/:/apps/gcc-arm-none/bin/../lib/gcc/arm-none-eabi/11.3.1/:/apps/gcc-arm-none/bin/../lib/gcc/:/apps/gcc-arm-none/bin/../lib/gcc/arm-none-eabi/11.3.1/../../../../arm-none-eabi/lib/:/apps/gcc-arm-none/bin/../arm-none-eabi/lib/
COLLECT_GCC_OPTIONS='-mcpu=cortex-m0plus' '-mthumb' '-v' '-std=gnu11' '-o' 'CMakeFiles/cmTC_4255e.dir/CMakeCCompilerABI.c.obj' '-c' '-mfloat-abi=soft' '-mlibarch=armv6s-m' '-march=armv6s-m' '-dumpdir' 'CMakeFiles/cmTC_4255e.dir/CMakeCCompilerABI.c.'
Linking C executable cmTC_4255e.elf
/usr/bin/cmake -E cmake_link_script CMakeFiles/cmTC_4255e.dir/link.txt --verbose=1
/apps/gcc-arm-none/bin/arm-none-eabi-gcc -mcpu=cortex-m0plus -mthumb  -Wl,--build-id=none -nostdlib  -v CMakeFiles/cmTC_4255e.dir/CMakeCCompilerABI.c.obj -o cmTC_4255e.elf 
Using built-in specs.
COLLECT_GCC=/apps/gcc-arm-none/bin/arm-none-eabi-gcc
COLLECT_LTO_WRAPPER=/apps/gcc-arm-none/bin/../libexec/gcc/arm-none-eabi/11.3.1/lto-wrapper
Target: arm-none-eabi
Configured with: /data/jenkins/workspace/GNU-toolchain/arm-11/src/gcc/configure --target=arm-none-eabi --prefix=/data/jenkins/workspace/GNU-toolchain/arm-11/build-arm-none-eabi/install --with-gmp=/data/jenkins/workspace/GNU-toolchain/arm-11/build-arm-none-eabi/host-tools --with-mpfr=/data/jenkins/workspace/GNU-toolchain/arm-11/build-arm-none-eabi/host-tools --with-mpc=/data/jenkins/workspace/GNU-toolchain/arm-11/build-arm-none-eabi/host-tools --with-isl=/data/jenkins/workspace/GNU-toolchain/arm-11/build-arm-none-eabi/host-tools --disable-shared --disable-nls --disable-threads --disable-tls --enable-checking=release --enable-languages=c,c++,fortran --with-newlib --with-gnu-as --with-gnu-ld --with-sysroot=/data/jenkins/workspace/GNU-toolchain/arm-11/build-arm-none-eabi/install/arm-none-eabi --with-multilib-list=aprofile,rmprofile --with-pkgversion='Arm GNU Toolchain 11.3.Rel1' --with-bugurl=https://bugs.linaro.org/
Thread model: single
Supported LTO compression algorithms: zlib
gcc version 11.3.1 20220712 (Arm GNU Toolchain 11.3.Rel1) 
COMPILER_PATH=/apps/gcc-arm-none/bin/../libexec/gcc/arm-none-eabi/11.3.1/:/apps/gcc-arm-none/bin/../libexec/gcc/:/apps/gcc-arm-none/bin/../lib/gcc/arm-none-eabi/11.3.1/../../../../arm-none-eabi/bin/
LIBRARY_PATH=/apps/gcc-arm-none/bin/../lib/gcc/arm-none-eabi/11.3.1/thumb/v6-m/nofp/:/apps/gcc-arm-none/bin/../lib/gcc/arm-none-eabi/11.3.1/../../../../arm-none-eabi/lib/thumb/v6-m/nofp/:/apps/gcc-arm-none/bin/../arm-none-eabi/lib/thumb/v6-m/nofp/:/apps/gcc-arm-none/bin/../lib/gcc/arm-none-eabi/11.3.1/:/apps/gcc-arm-none/bin/../lib/gcc/:/apps/gcc-arm-none/bin/../lib/gcc/arm-none-eabi/11.3.1/../../../../arm-none-eabi/lib/:/apps/gcc-arm-none/bin/../arm-none-eabi/lib/
COLLECT_GCC_OPTIONS='-mcpu=cortex-m0plus' '-mthumb' '-nostdlib' '-v' '-o' 'cmTC_4255e.elf' '-mfloat-abi=soft' '-mlibarch=armv6s-m' '-march=armv6s-m' '-dumpdir' 'cmTC_4255e.elf.'
 /apps/gcc-arm-none/bin/../libexec/gcc/arm-none-eabi/11.3.1/collect2 -plugin /apps/gcc-arm-none/bin/../libexec/gcc/arm-none-eabi/11.3.1/liblto_plugin.so -plugin-opt=/apps/gcc-arm-none/bin/../libexec/gcc/arm-none-eabi/11.3.1/lto-wrapper -plugin-opt=-fresolution=/tmp/ccsdx91Z.res --sysroot=/apps/gcc-arm-none/bin/../arm-none-eabi -X -o cmTC_4255e.elf -L/apps/gcc-arm-none/bin/../lib/gcc/arm-none-eabi/11.3.1/thumb/v6-m/nofp -L/apps/gcc-arm-none/bin/../lib/gcc/arm-none-eabi/11.3.1/../../../../arm-none-eabi/lib/thumb/v6-m/nofp -L/apps/gcc-arm-none/bin/../arm-none-eabi/lib/thumb/v6-m/nofp -L/apps/gcc-arm-none/bin/../lib/gcc/arm-none-eabi/11.3.1 -L/apps/gcc-arm-none/bin/../lib/gcc -L/apps/gcc-arm-none/bin/../lib/gcc/arm-none-eabi/11.3.1/../../../../arm-none-eabi/lib -L/apps/gcc-arm-none/bin/../arm-none-eabi/lib --build-id=none CMakeFiles/cmTC_4255e.dir/CMakeCCompilerABI.c.obj
/apps/gcc-arm-none/bin/../lib/gcc/arm-none-eabi/11.3.1/../../../../arm-none-eabi/bin/ld: warning: cannot find entry symbol _start; defaulting to 0000000000008000
COLLECT_GCC_OPTIONS='-mcpu=cortex-m0plus' '-mthumb' '-nostdlib' '-v' '-o' 'cmTC_4255e.elf' '-mfloat-abi=soft' '-mlibarch=armv6s-m' '-march=armv6s-m' '-dumpdir' 'cmTC_4255e.elf.'
gmake[1]: Leaving directory '/workspaces/pico-sdk-blink/bulid/CMakeFiles/CMakeTmp'



Parsed C implicit include dir info from above output: rv=done
  found start of include info
  found start of implicit include info
    add: [/apps/gcc-arm-none/bin/../lib/gcc/arm-none-eabi/11.3.1/include]
    add: [/apps/gcc-arm-none/bin/../lib/gcc/arm-none-eabi/11.3.1/include-fixed]
    add: [/apps/gcc-arm-none/bin/../lib/gcc/arm-none-eabi/11.3.1/../../../../arm-none-eabi/include]
  end of search list found
  collapse include dir [/apps/gcc-arm-none/bin/../lib/gcc/arm-none-eabi/11.3.1/include] ==> [/apps/gcc-arm-none/lib/gcc/arm-none-eabi/11.3.1/include]
  collapse include dir [/apps/gcc-arm-none/bin/../lib/gcc/arm-none-eabi/11.3.1/include-fixed] ==> [/apps/gcc-arm-none/lib/gcc/arm-none-eabi/11.3.1/include-fixed]
  collapse include dir [/apps/gcc-arm-none/bin/../lib/gcc/arm-none-eabi/11.3.1/../../../../arm-none-eabi/include] ==> [/apps/gcc-arm-none/arm-none-eabi/include]
  implicit include dirs: [/apps/gcc-arm-none/lib/gcc/arm-none-eabi/11.3.1/include;/apps/gcc-arm-none/lib/gcc/arm-none-eabi/11.3.1/include-fixed;/apps/gcc-arm-none/arm-none-eabi/include]


Parsed C implicit link information from above output:
  link line regex: [^( *|.*[/\])(arm-none-eabi-ld|CMAKE_LINK_STARTFILE-NOTFOUND|([^/\]+-)?ld|collect2)[^/\]*( |$)]
  ignore line: [Change Dir: /workspaces/pico-sdk-blink/bulid/CMakeFiles/CMakeTmp]
  ignore line: []
  ignore line: [Run Build Command(s):/usr/bin/gmake -f Makefile cmTC_4255e/fast && /usr/bin/gmake  -f CMakeFiles/cmTC_4255e.dir/build.make CMakeFiles/cmTC_4255e.dir/build]
  ignore line: [gmake[1]: Entering directory '/workspaces/pico-sdk-blink/bulid/CMakeFiles/CMakeTmp']
  ignore line: [Building C object CMakeFiles/cmTC_4255e.dir/CMakeCCompilerABI.c.obj]
  ignore line: [/apps/gcc-arm-none/bin/arm-none-eabi-gcc   -mcpu=cortex-m0plus -mthumb    -v -std=gnu11 -o CMakeFiles/cmTC_4255e.dir/CMakeCCompilerABI.c.obj -c /usr/share/cmake-3.22/Modules/CMakeCCompilerABI.c]
  ignore line: [Using built-in specs.]
  ignore line: [COLLECT_GCC=/apps/gcc-arm-none/bin/arm-none-eabi-gcc]
  ignore line: [Target: arm-none-eabi]
  ignore line: [Configured with: /data/jenkins/workspace/GNU-toolchain/arm-11/src/gcc/configure --target=arm-none-eabi --prefix=/data/jenkins/workspace/GNU-toolchain/arm-11/build-arm-none-eabi/install --with-gmp=/data/jenkins/workspace/GNU-toolchain/arm-11/build-arm-none-eabi/host-tools --with-mpfr=/data/jenkins/workspace/GNU-toolchain/arm-11/build-arm-none-eabi/host-tools --with-mpc=/data/jenkins/workspace/GNU-toolchain/arm-11/build-arm-none-eabi/host-tools --with-isl=/data/jenkins/workspace/GNU-toolchain/arm-11/build-arm-none-eabi/host-tools --disable-shared --disable-nls --disable-threads --disable-tls --enable-checking=release --enable-languages=c,c++,fortran --with-newlib --with-gnu-as --with-gnu-ld --with-sysroot=/data/jenkins/workspace/GNU-toolchain/arm-11/build-arm-none-eabi/install/arm-none-eabi --with-multilib-list=aprofile,rmprofile --with-pkgversion='Arm GNU Toolchain 11.3.Rel1' --with-bugurl=https://bugs.linaro.org/]
  ignore line: [Thread model: single]
  ignore line: [Supported LTO compression algorithms: zlib]
  ignore line: [gcc version 11.3.1 20220712 (Arm GNU Toolchain 11.3.Rel1) ]
  ignore line: [COLLECT_GCC_OPTIONS='-mcpu=cortex-m0plus' '-mthumb' '-v' '-std=gnu11' '-o' 'CMakeFiles/cmTC_4255e.dir/CMakeCCompilerABI.c.obj' '-c' '-mfloat-abi=soft' '-mlibarch=armv6s-m' '-march=armv6s-m' '-dumpdir' 'CMakeFiles/cmTC_4255e.dir/']
  ignore line: [ /apps/gcc-arm-none/bin/../libexec/gcc/arm-none-eabi/11.3.1/cc1 -quiet -v -imultilib thumb/v6-m/nofp -iprefix /apps/gcc-arm-none/bin/../lib/gcc/arm-none-eabi/11.3.1/ -isysroot /apps/gcc-arm-none/bin/../arm-none-eabi -D__USES_INITFINI__ /usr/share/cmake-3.22/Modules/CMakeCCompilerABI.c -quiet -dumpdir CMakeFiles/cmTC_4255e.dir/ -dumpbase CMakeCCompilerABI.c.c -dumpbase-ext .c -mcpu=cortex-m0plus -mthumb -mfloat-abi=soft -mlibarch=armv6s-m -march=armv6s-m -std=gnu11 -version -o /tmp/ccdZ6zMp.s]
  ignore line: [GNU C11 (Arm GNU Toolchain 11.3.Rel1) version 11.3.1 20220712 (arm-none-eabi)]
  ignore line: [	compiled by GNU C version 4.8.5 20150623 (Red Hat 4.8.5-44)  GMP version 6.2.1  MPFR version 3.1.6  MPC version 1.0.3  isl version isl-0.15-1-g835ea3a-GMP]
  ignore line: []
  ignore line: [GGC heuristics: --param ggc-min-expand=100 --param ggc-min-heapsize=131072]
  ignore line: [ignoring duplicate directory "/apps/gcc-arm-none/bin/../lib/gcc/../../lib/gcc/arm-none-eabi/11.3.1/include"]
  ignore line: [ignoring nonexistent directory "/apps/gcc-arm-none/bin/../arm-none-eabi/usr/local/include"]
  ignore line: [ignoring duplicate directory "/apps/gcc-arm-none/bin/../lib/gcc/../../lib/gcc/arm-none-eabi/11.3.1/include-fixed"]
  ignore line: [ignoring duplicate directory "/apps/gcc-arm-none/bin/../lib/gcc/../../lib/gcc/arm-none-eabi/11.3.1/../../../../arm-none-eabi/include"]
  ignore line: [ignoring nonexistent directory "/apps/gcc-arm-none/bin/../arm-none-eabi/usr/include"]
  ignore line: [#include "..." search starts here:]
  ignore line: [#include <...> search starts here:]
  ignore line: [ /apps/gcc-arm-none/bin/../lib/gcc/arm-none-eabi/11.3.1/include]
  ignore line: [ /apps/gcc-arm-none/bin/../lib/gcc/arm-none-eabi/11.3.1/include-fixed]
  ignore line: [ /apps/gcc-arm-none/bin/../lib/gcc/arm-none-eabi/11.3.1/../../../../arm-none-eabi/include]
  ignore line: [End of search list.]
  ignore line: [GNU C11 (Arm GNU Toolchain 11.3.Rel1) version 11.3.1 20220712 (arm-none-eabi)]
  ignore line: [	compiled by GNU C version 4.8.5 20150623 (Red Hat 4.8.5-44)  GMP version 6.2.1  MPFR version 3.1.6  MPC version 1.0.3  isl version isl-0.15-1-g835ea3a-GMP]
  ignore line: []
  ignore line: [GGC heuristics: --param ggc-min-expand=100 --param ggc-min-heapsize=131072]
  ignore line: [Compiler executable checksum: 801c9e4705ed9ec92526a3ce66f3ab92]
  ignore line: [COLLECT_GCC_OPTIONS='-mcpu=cortex-m0plus' '-mthumb' '-v' '-std=gnu11' '-o' 'CMakeFiles/cmTC_4255e.dir/CMakeCCompilerABI.c.obj' '-c' '-mfloat-abi=soft' '-mlibarch=armv6s-m' '-march=armv6s-m' '-dumpdir' 'CMakeFiles/cmTC_4255e.dir/']
  ignore line: [ /apps/gcc-arm-none/bin/../lib/gcc/arm-none-eabi/11.3.1/../../../../arm-none-eabi/bin/as -v -march=armv6s-m -mfloat-abi=soft -meabi=5 -o CMakeFiles/cmTC_4255e.dir/CMakeCCompilerABI.c.obj /tmp/ccdZ6zMp.s]
  ignore line: [GNU assembler version 2.38 (arm-none-eabi) using BFD version (Arm GNU Toolchain 11.3.Rel1) 2.38.20220708]
  ignore line: [COMPILER_PATH=/apps/gcc-arm-none/bin/../libexec/gcc/arm-none-eabi/11.3.1/:/apps/gcc-arm-none/bin/../libexec/gcc/:/apps/gcc-arm-none/bin/../lib/gcc/arm-none-eabi/11.3.1/../../../../arm-none-eabi/bin/]
  ignore line: [LIBRARY_PATH=/apps/gcc-arm-none/bin/../lib/gcc/arm-none-eabi/11.3.1/thumb/v6-m/nofp/:/apps/gcc-arm-none/bin/../lib/gcc/arm-none-eabi/11.3.1/../../../../arm-none-eabi/lib/thumb/v6-m/nofp/:/apps/gcc-arm-none/bin/../arm-none-eabi/lib/thumb/v6-m/nofp/:/apps/gcc-arm-none/bin/../lib/gcc/arm-none-eabi/11.3.1/:/apps/gcc-arm-none/bin/../lib/gcc/:/apps/gcc-arm-none/bin/../lib/gcc/arm-none-eabi/11.3.1/../../../../arm-none-eabi/lib/:/apps/gcc-arm-none/bin/../arm-none-eabi/lib/]
  ignore line: [COLLECT_GCC_OPTIONS='-mcpu=cortex-m0plus' '-mthumb' '-v' '-std=gnu11' '-o' 'CMakeFiles/cmTC_4255e.dir/CMakeCCompilerABI.c.obj' '-c' '-mfloat-abi=soft' '-mlibarch=armv6s-m' '-march=armv6s-m' '-dumpdir' 'CMakeFiles/cmTC_4255e.dir/CMakeCCompilerABI.c.']
  ignore line: [Linking C executable cmTC_4255e.elf]
  ignore line: [/usr/bin/cmake -E cmake_link_script CMakeFiles/cmTC_4255e.dir/link.txt --verbose=1]
  ignore line: [/apps/gcc-arm-none/bin/arm-none-eabi-gcc -mcpu=cortex-m0plus -mthumb  -Wl --build-id=none -nostdlib  -v CMakeFiles/cmTC_4255e.dir/CMakeCCompilerABI.c.obj -o cmTC_4255e.elf ]
  ignore line: [Using built-in specs.]
  ignore line: [COLLECT_GCC=/apps/gcc-arm-none/bin/arm-none-eabi-gcc]
  ignore line: [COLLECT_LTO_WRAPPER=/apps/gcc-arm-none/bin/../libexec/gcc/arm-none-eabi/11.3.1/lto-wrapper]
  ignore line: [Target: arm-none-eabi]
  ignore line: [Configured with: /data/jenkins/workspace/GNU-toolchain/arm-11/src/gcc/configure --target=arm-none-eabi --prefix=/data/jenkins/workspace/GNU-toolchain/arm-11/build-arm-none-eabi/install --with-gmp=/data/jenkins/workspace/GNU-toolchain/arm-11/build-arm-none-eabi/host-tools --with-mpfr=/data/jenkins/workspace/GNU-toolchain/arm-11/build-arm-none-eabi/host-tools --with-mpc=/data/jenkins/workspace/GNU-toolchain/arm-11/build-arm-none-eabi/host-tools --with-isl=/data/jenkins/workspace/GNU-toolchain/arm-11/build-arm-none-eabi/host-tools --disable-shared --disable-nls --disable-threads --disable-tls --enable-checking=release --enable-languages=c,c++,fortran --with-newlib --with-gnu-as --with-gnu-ld --with-sysroot=/data/jenkins/workspace/GNU-toolchain/arm-11/build-arm-none-eabi/install/arm-none-eabi --with-multilib-list=aprofile,rmprofile --with-pkgversion='Arm GNU Toolchain 11.3.Rel1' --with-bugurl=https://bugs.linaro.org/]
  ignore line: [Thread model: single]
  ignore line: [Supported LTO compression algorithms: zlib]
  ignore line: [gcc version 11.3.1 20220712 (Arm GNU Toolchain 11.3.Rel1) ]
  ignore line: [COMPILER_PATH=/apps/gcc-arm-none/bin/../libexec/gcc/arm-none-eabi/11.3.1/:/apps/gcc-arm-none/bin/../libexec/gcc/:/apps/gcc-arm-none/bin/../lib/gcc/arm-none-eabi/11.3.1/../../../../arm-none-eabi/bin/]
  ignore line: [LIBRARY_PATH=/apps/gcc-arm-none/bin/../lib/gcc/arm-none-eabi/11.3.1/thumb/v6-m/nofp/:/apps/gcc-arm-none/bin/../lib/gcc/arm-none-eabi/11.3.1/../../../../arm-none-eabi/lib/thumb/v6-m/nofp/:/apps/gcc-arm-none/bin/../arm-none-eabi/lib/thumb/v6-m/nofp/:/apps/gcc-arm-none/bin/../lib/gcc/arm-none-eabi/11.3.1/:/apps/gcc-arm-none/bin/../lib/gcc/:/apps/gcc-arm-none/bin/../lib/gcc/arm-none-eabi/11.3.1/../../../../arm-none-eabi/lib/:/apps/gcc-arm-none/bin/../arm-none-eabi/lib/]
  ignore line: [COLLECT_GCC_OPTIONS='-mcpu=cortex-m0plus' '-mthumb' '-nostdlib' '-v' '-o' 'cmTC_4255e.elf' '-mfloat-abi=soft' '-mlibarch=armv6s-m' '-march=armv6s-m' '-dumpdir' 'cmTC_4255e.elf.']
  link line: [ /apps/gcc-arm-none/bin/../libexec/gcc/arm-none-eabi/11.3.1/collect2 -plugin /apps/gcc-arm-none/bin/../libexec/gcc/arm-none-eabi/11.3.1/liblto_plugin.so -plugin-opt=/apps/gcc-arm-none/bin/../libexec/gcc/arm-none-eabi/11.3.1/lto-wrapper -plugin-opt=-fresolution=/tmp/ccsdx91Z.res --sysroot=/apps/gcc-arm-none/bin/../arm-none-eabi -X -o cmTC_4255e.elf -L/apps/gcc-arm-none/bin/../lib/gcc/arm-none-eabi/11.3.1/thumb/v6-m/nofp -L/apps/gcc-arm-none/bin/../lib/gcc/arm-none-eabi/11.3.1/../../../../arm-none-eabi/lib/thumb/v6-m/nofp -L/apps/gcc-arm-none/bin/../arm-none-eabi/lib/thumb/v6-m/nofp -L/apps/gcc-arm-none/bin/../lib/gcc/arm-none-eabi/11.3.1 -L/apps/gcc-arm-none/bin/../lib/gcc -L/apps/gcc-arm-none/bin/../lib/gcc/arm-none-eabi/11.3.1/../../../../arm-none-eabi/lib -L/apps/gcc-arm-none/bin/../arm-none-eabi/lib --build-id=none CMakeFiles/cmTC_4255e.dir/CMakeCCompilerABI.c.obj]
    arg [/apps/gcc-arm-none/bin/../libexec/gcc/arm-none-eabi/11.3.1/collect2] ==> ignore
    arg [-plugin] ==> ignore
    arg [/apps/gcc-arm-none/bin/../libexec/gcc/arm-none-eabi/11.3.1/liblto_plugin.so] ==> ignore
    arg [-plugin-opt=/apps/gcc-arm-none/bin/../libexec/gcc/arm-none-eabi/11.3.1/lto-wrapper] ==> ignore
    arg [-plugin-opt=-fresolution=/tmp/ccsdx91Z.res] ==> ignore
    arg [--sysroot=/apps/gcc-arm-none/bin/../arm-none-eabi] ==> ignore
    arg [-X] ==> ignore
    arg [-o] ==> ignore
    arg [cmTC_4255e.elf] ==> ignore
    arg [-L/apps/gcc-arm-none/bin/../lib/gcc/arm-none-eabi/11.3.1/thumb/v6-m/nofp] ==> dir [/apps/gcc-arm-none/bin/../lib/gcc/arm-none-eabi/11.3.1/thumb/v6-m/nofp]
    arg [-L/apps/gcc-arm-none/bin/../lib/gcc/arm-none-eabi/11.3.1/../../../../arm-none-eabi/lib/thumb/v6-m/nofp] ==> dir [/apps/gcc-arm-none/bin/../lib/gcc/arm-none-eabi/11.3.1/../../../../arm-none-eabi/lib/thumb/v6-m/nofp]
    arg [-L/apps/gcc-arm-none/bin/../arm-none-eabi/lib/thumb/v6-m/nofp] ==> dir [/apps/gcc-arm-none/bin/../arm-none-eabi/lib/thumb/v6-m/nofp]
    arg [-L/apps/gcc-arm-none/bin/../lib/gcc/arm-none-eabi/11.3.1] ==> dir [/apps/gcc-arm-none/bin/../lib/gcc/arm-none-eabi/11.3.1]
    arg [-L/apps/gcc-arm-none/bin/../lib/gcc] ==> dir [/apps/gcc-arm-none/bin/../lib/gcc]
    arg [-L/apps/gcc-arm-none/bin/../lib/gcc/arm-none-eabi/11.3.1/../../../../arm-none-eabi/lib] ==> dir [/apps/gcc-arm-none/bin/../lib/gcc/arm-none-eabi/11.3.1/../../../../arm-none-eabi/lib]
    arg [-L/apps/gcc-arm-none/bin/../arm-none-eabi/lib] ==> dir [/apps/gcc-arm-none/bin/../arm-none-eabi/lib]
    arg [--build-id=none] ==> ignore
    arg [CMakeFiles/cmTC_4255e.dir/CMakeCCompilerABI.c.obj] ==> ignore
  collapse library dir [/apps/gcc-arm-none/bin/../lib/gcc/arm-none-eabi/11.3.1/thumb/v6-m/nofp] ==> [/apps/gcc-arm-none/lib/gcc/arm-none-eabi/11.3.1/thumb/v6-m/nofp]
  collapse library dir [/apps/gcc-arm-none/bin/../lib/gcc/arm-none-eabi/11.3.1/../../../../arm-none-eabi/lib/thumb/v6-m/nofp] ==> [/apps/gcc-arm-none/arm-none-eabi/lib/thumb/v6-m/nofp]
  collapse library dir [/apps/gcc-arm-none/bin/../arm-none-eabi/lib/thumb/v6-m/nofp] ==> [/apps/gcc-arm-none/arm-none-eabi/lib/thumb/v6-m/nofp]
  collapse library dir [/apps/gcc-arm-none/bin/../lib/gcc/arm-none-eabi/11.3.1] ==> [/apps/gcc-arm-none/lib/gcc/arm-none-eabi/11.3.1]
  collapse library dir [/apps/gcc-arm-none/bin/../lib/gcc] ==> [/apps/gcc-arm-none/lib/gcc]
  collapse library dir [/apps/gcc-arm-none/bin/../lib/gcc/arm-none-eabi/11.3.1/../../../../arm-none-eabi/lib] ==> [/apps/gcc-arm-none/arm-none-eabi/lib]
  collapse library dir [/apps/gcc-arm-none/bin/../arm-none-eabi/lib] ==> [/apps/gcc-arm-none/arm-none-eabi/lib]
  implicit libs: []
  implicit objs: []
  implicit dirs: [/apps/gcc-arm-none/lib/gcc/arm-none-eabi/11.3.1/thumb/v6-m/nofp;/apps/gcc-arm-none/arm-none-eabi/lib/thumb/v6-m/nofp;/apps/gcc-arm-none/lib/gcc/arm-none-eabi/11.3.1;/apps/gcc-arm-none/lib/gcc;/apps/gcc-arm-none/arm-none-eabi/lib]
  implicit fwks: []


Detecting CXX compiler ABI info compiled with the following output:
Change Dir: /workspaces/pico-sdk-blink/bulid/CMakeFiles/CMakeTmp

Run Build Command(s):/usr/bin/gmake -f Makefile cmTC_c4ae1/fast && /usr/bin/gmake  -f CMakeFiles/cmTC_c4ae1.dir/build.make CMakeFiles/cmTC_c4ae1.dir/build
gmake[1]: Entering directory '/workspaces/pico-sdk-blink/bulid/CMakeFiles/CMakeTmp'
Building CXX object CMakeFiles/cmTC_c4ae1.dir/CMakeCXXCompilerABI.cpp.obj
/apps/gcc-arm-none/bin/arm-none-eabi-g++   -mcpu=cortex-m0plus -mthumb    -v -o CMakeFiles/cmTC_c4ae1.dir/CMakeCXXCompilerABI.cpp.obj -c /usr/share/cmake-3.22/Modules/CMakeCXXCompilerABI.cpp
Using built-in specs.
COLLECT_GCC=/apps/gcc-arm-none/bin/arm-none-eabi-g++
Target: arm-none-eabi
Configured with: /data/jenkins/workspace/GNU-toolchain/arm-11/src/gcc/configure --target=arm-none-eabi --prefix=/data/jenkins/workspace/GNU-toolchain/arm-11/build-arm-none-eabi/install --with-gmp=/data/jenkins/workspace/GNU-toolchain/arm-11/build-arm-none-eabi/host-tools --with-mpfr=/data/jenkins/workspace/GNU-toolchain/arm-11/build-arm-none-eabi/host-tools --with-mpc=/data/jenkins/workspace/GNU-toolchain/arm-11/build-arm-none-eabi/host-tools --with-isl=/data/jenkins/workspace/GNU-toolchain/arm-11/build-arm-none-eabi/host-tools --disable-shared --disable-nls --disable-threads --disable-tls --enable-checking=release --enable-languages=c,c++,fortran --with-newlib --with-gnu-as --with-gnu-ld --with-sysroot=/data/jenkins/workspace/GNU-toolchain/arm-11/build-arm-none-eabi/install/arm-none-eabi --with-multilib-list=aprofile,rmprofile --with-pkgversion='Arm GNU Toolchain 11.3.Rel1' --with-bugurl=https://bugs.linaro.org/
Thread model: single
Supported LTO compression algorithms: zlib
gcc version 11.3.1 20220712 (Arm GNU Toolchain 11.3.Rel1) 
COLLECT_GCC_OPTIONS='-mcpu=cortex-m0plus' '-mthumb' '-v' '-o' 'CMakeFiles/cmTC_c4ae1.dir/CMakeCXXCompilerABI.cpp.obj' '-c' '-mfloat-abi=soft' '-mlibarch=armv6s-m' '-march=armv6s-m' '-dumpdir' 'CMakeFiles/cmTC_c4ae1.dir/'
 /apps/gcc-arm-none/bin/../libexec/gcc/arm-none-eabi/11.3.1/cc1plus -quiet -v -imultilib thumb/v6-m/nofp -iprefix /apps/gcc-arm-none/bin/../lib/gcc/arm-none-eabi/11.3.1/ -isysroot /apps/gcc-arm-none/bin/../arm-none-eabi -D__USES_INITFINI__ /usr/share/cmake-3.22/Modules/CMakeCXXCompilerABI.cpp -quiet -dumpdir CMakeFiles/cmTC_c4ae1.dir/ -dumpbase CMakeCXXCompilerABI.cpp.cpp -dumpbase-ext .cpp -mcpu=cortex-m0plus -mthumb -mfloat-abi=soft -mlibarch=armv6s-m -march=armv6s-m -version -o /tmp/ccQoUGNj.s
GNU C++17 (Arm GNU Toolchain 11.3.Rel1) version 11.3.1 20220712 (arm-none-eabi)
	compiled by GNU C version 4.8.5 20150623 (Red Hat 4.8.5-44), GMP version 6.2.1, MPFR version 3.1.6, MPC version 1.0.3, isl version isl-0.15-1-g835ea3a-GMP

GGC heuristics: --param ggc-min-expand=100 --param ggc-min-heapsize=131072
ignoring duplicate directory "/apps/gcc-arm-none/bin/../lib/gcc/../../lib/gcc/arm-none-eabi/11.3.1/../../../../arm-none-eabi/include/c++/11.3.1"
ignoring duplicate directory "/apps/gcc-arm-none/bin/../lib/gcc/../../lib/gcc/arm-none-eabi/11.3.1/../../../../arm-none-eabi/include/c++/11.3.1/arm-none-eabi/thumb/v6-m/nofp"
ignoring duplicate directory "/apps/gcc-arm-none/bin/../lib/gcc/../../lib/gcc/arm-none-eabi/11.3.1/../../../../arm-none-eabi/include/c++/11.3.1/backward"
ignoring duplicate directory "/apps/gcc-arm-none/bin/../lib/gcc/../../lib/gcc/arm-none-eabi/11.3.1/include"
ignoring nonexistent directory "/apps/gcc-arm-none/bin/../arm-none-eabi/usr/local/include"
ignoring duplicate directory "/apps/gcc-arm-none/bin/../lib/gcc/../../lib/gcc/arm-none-eabi/11.3.1/include-fixed"
ignoring duplicate directory "/apps/gcc-arm-none/bin/../lib/gcc/../../lib/gcc/arm-none-eabi/11.3.1/../../../../arm-none-eabi/include"
ignoring nonexistent directory "/apps/gcc-arm-none/bin/../arm-none-eabi/usr/include"
#include "..." search starts here:
#include <...> search starts here:
 /apps/gcc-arm-none/bin/../lib/gcc/arm-none-eabi/11.3.1/../../../../arm-none-eabi/include/c++/11.3.1
 /apps/gcc-arm-none/bin/../lib/gcc/arm-none-eabi/11.3.1/../../../../arm-none-eabi/include/c++/11.3.1/arm-none-eabi/thumb/v6-m/nofp
 /apps/gcc-arm-none/bin/../lib/gcc/arm-none-eabi/11.3.1/../../../../arm-none-eabi/include/c++/11.3.1/backward
 /apps/gcc-arm-none/bin/../lib/gcc/arm-none-eabi/11.3.1/include
 /apps/gcc-arm-none/bin/../lib/gcc/arm-none-eabi/11.3.1/include-fixed
 /apps/gcc-arm-none/bin/../lib/gcc/arm-none-eabi/11.3.1/../../../../arm-none-eabi/include
End of search list.
GNU C++17 (Arm GNU Toolchain 11.3.Rel1) version 11.3.1 20220712 (arm-none-eabi)
	compiled by GNU C version 4.8.5 20150623 (Red Hat 4.8.5-44), GMP version 6.2.1, MPFR version 3.1.6, MPC version 1.0.3, isl version isl-0.15-1-g835ea3a-GMP

GGC heuristics: --param ggc-min-expand=100 --param ggc-min-heapsize=131072
Compiler executable checksum: 4ad1443e6a345a117fb272ac1069ae94
COLLECT_GCC_OPTIONS='-mcpu=cortex-m0plus' '-mthumb' '-v' '-o' 'CMakeFiles/cmTC_c4ae1.dir/CMakeCXXCompilerABI.cpp.obj' '-c' '-mfloat-abi=soft' '-mlibarch=armv6s-m' '-march=armv6s-m' '-dumpdir' 'CMakeFiles/cmTC_c4ae1.dir/'
 /apps/gcc-arm-none/bin/../lib/gcc/arm-none-eabi/11.3.1/../../../../arm-none-eabi/bin/as -v -march=armv6s-m -mfloat-abi=soft -meabi=5 -o CMakeFiles/cmTC_c4ae1.dir/CMakeCXXCompilerABI.cpp.obj /tmp/ccQoUGNj.s
GNU assembler version 2.38 (arm-none-eabi) using BFD version (Arm GNU Toolchain 11.3.Rel1) 2.38.20220708
COMPILER_PATH=/apps/gcc-arm-none/bin/../libexec/gcc/arm-none-eabi/11.3.1/:/apps/gcc-arm-none/bin/../libexec/gcc/:/apps/gcc-arm-none/bin/../lib/gcc/arm-none-eabi/11.3.1/../../../../arm-none-eabi/bin/
LIBRARY_PATH=/apps/gcc-arm-none/bin/../lib/gcc/arm-none-eabi/11.3.1/thumb/v6-m/nofp/:/apps/gcc-arm-none/bin/../lib/gcc/arm-none-eabi/11.3.1/../../../../arm-none-eabi/lib/thumb/v6-m/nofp/:/apps/gcc-arm-none/bin/../arm-none-eabi/lib/thumb/v6-m/nofp/:/apps/gcc-arm-none/bin/../lib/gcc/arm-none-eabi/11.3.1/:/apps/gcc-arm-none/bin/../lib/gcc/:/apps/gcc-arm-none/bin/../lib/gcc/arm-none-eabi/11.3.1/../../../../arm-none-eabi/lib/:/apps/gcc-arm-none/bin/../arm-none-eabi/lib/
COLLECT_GCC_OPTIONS='-mcpu=cortex-m0plus' '-mthumb' '-v' '-o' 'CMakeFiles/cmTC_c4ae1.dir/CMakeCXXCompilerABI.cpp.obj' '-c' '-mfloat-abi=soft' '-mlibarch=armv6s-m' '-march=armv6s-m' '-dumpdir' 'CMakeFiles/cmTC_c4ae1.dir/CMakeCXXCompilerABI.cpp.'
Linking CXX executable cmTC_c4ae1.elf
/usr/bin/cmake -E cmake_link_script CMakeFiles/cmTC_c4ae1.dir/link.txt --verbose=1
/apps/gcc-arm-none/bin/arm-none-eabi-g++ -mcpu=cortex-m0plus -mthumb  -Wl,--build-id=none -nostdlib  -v CMakeFiles/cmTC_c4ae1.dir/CMakeCXXCompilerABI.cpp.obj -o cmTC_c4ae1.elf 
Using built-in specs.
COLLECT_GCC=/apps/gcc-arm-none/bin/arm-none-eabi-g++
COLLECT_LTO_WRAPPER=/apps/gcc-arm-none/bin/../libexec/gcc/arm-none-eabi/11.3.1/lto-wrapper
Target: arm-none-eabi
Configured with: /data/jenkins/workspace/GNU-toolchain/arm-11/src/gcc/configure --target=arm-none-eabi --prefix=/data/jenkins/workspace/GNU-toolchain/arm-11/build-arm-none-eabi/install --with-gmp=/data/jenkins/workspace/GNU-toolchain/arm-11/build-arm-none-eabi/host-tools --with-mpfr=/data/jenkins/workspace/GNU-toolchain/arm-11/build-arm-none-eabi/host-tools --with-mpc=/data/jenkins/workspace/GNU-toolchain/arm-11/build-arm-none-eabi/host-tools --with-isl=/data/jenkins/workspace/GNU-toolchain/arm-11/build-arm-none-eabi/host-tools --disable-shared --disable-nls --disable-threads --disable-tls --enable-checking=release --enable-languages=c,c++,fortran --with-newlib --with-gnu-as --with-gnu-ld --with-sysroot=/data/jenkins/workspace/GNU-toolchain/arm-11/build-arm-none-eabi/install/arm-none-eabi --with-multilib-list=aprofile,rmprofile --with-pkgversion='Arm GNU Toolchain 11.3.Rel1' --with-bugurl=https://bugs.linaro.org/
Thread model: single
Supported LTO compression algorithms: zlib
gcc version 11.3.1 20220712 (Arm GNU Toolchain 11.3.Rel1) 
COMPILER_PATH=/apps/gcc-arm-none/bin/../libexec/gcc/arm-none-eabi/11.3.1/:/apps/gcc-arm-none/bin/../libexec/gcc/:/apps/gcc-arm-none/bin/../lib/gcc/arm-none-eabi/11.3.1/../../../../arm-none-eabi/bin/
LIBRARY_PATH=/apps/gcc-arm-none/bin/../lib/gcc/arm-none-eabi/11.3.1/thumb/v6-m/nofp/:/apps/gcc-arm-none/bin/../lib/gcc/arm-none-eabi/11.3.1/../../../../arm-none-eabi/lib/thumb/v6-m/nofp/:/apps/gcc-arm-none/bin/../arm-none-eabi/lib/thumb/v6-m/nofp/:/apps/gcc-arm-none/bin/../lib/gcc/arm-none-eabi/11.3.1/:/apps/gcc-arm-none/bin/../lib/gcc/:/apps/gcc-arm-none/bin/../lib/gcc/arm-none-eabi/11.3.1/../../../../arm-none-eabi/lib/:/apps/gcc-arm-none/bin/../arm-none-eabi/lib/
COLLECT_GCC_OPTIONS='-mcpu=cortex-m0plus' '-mthumb' '-nostdlib' '-v' '-o' 'cmTC_c4ae1.elf' '-mfloat-abi=soft' '-mlibarch=armv6s-m' '-march=armv6s-m' '-dumpdir' 'cmTC_c4ae1.elf.'
 /apps/gcc-arm-none/bin/../libexec/gcc/arm-none-eabi/11.3.1/collect2 -plugin /apps/gcc-arm-none/bin/../libexec/gcc/arm-none-eabi/11.3.1/liblto_plugin.so -plugin-opt=/apps/gcc-arm-none/bin/../libexec/gcc/arm-none-eabi/11.3.1/lto-wrapper -plugin-opt=-fresolution=/tmp/ccN4seCT.res --sysroot=/apps/gcc-arm-none/bin/../arm-none-eabi -X -o cmTC_c4ae1.elf -L/apps/gcc-arm-none/bin/../lib/gcc/arm-none-eabi/11.3.1/thumb/v6-m/nofp -L/apps/gcc-arm-none/bin/../lib/gcc/arm-none-eabi/11.3.1/../../../../arm-none-eabi/lib/thumb/v6-m/nofp -L/apps/gcc-arm-none/bin/../arm-none-eabi/lib/thumb/v6-m/nofp -L/apps/gcc-arm-none/bin/../lib/gcc/arm-none-eabi/11.3.1 -L/apps/gcc-arm-none/bin/../lib/gcc -L/apps/gcc-arm-none/bin/../lib/gcc/arm-none-eabi/11.3.1/../../../../arm-none-eabi/lib -L/apps/gcc-arm-none/bin/../arm-none-eabi/lib --build-id=none CMakeFiles/cmTC_c4ae1.dir/CMakeCXXCompilerABI.cpp.obj
/apps/gcc-arm-none/bin/../lib/gcc/arm-none-eabi/11.3.1/../../../../arm-none-eabi/bin/ld: warning: cannot find entry symbol _start; defaulting to 0000000000008000
COLLECT_GCC_OPTIONS='-mcpu=cortex-m0plus' '-mthumb' '-nostdlib' '-v' '-o' 'cmTC_c4ae1.elf' '-mfloat-abi=soft' '-mlibarch=armv6s-m' '-march=armv6s-m' '-dumpdir' 'cmTC_c4ae1.elf.'
gmake[1]: Leaving directory '/workspaces/pico-sdk-blink/bulid/CMakeFiles/CMakeTmp'



Parsed CXX implicit include dir info from above output: rv=done
  found start of include info
  found start of implicit include info
    add: [/apps/gcc-arm-none/bin/../lib/gcc/arm-none-eabi/11.3.1/../../../../arm-none-eabi/include/c++/11.3.1]
    add: [/apps/gcc-arm-none/bin/../lib/gcc/arm-none-eabi/11.3.1/../../../../arm-none-eabi/include/c++/11.3.1/arm-none-eabi/thumb/v6-m/nofp]
    add: [/apps/gcc-arm-none/bin/../lib/gcc/arm-none-eabi/11.3.1/../../../../arm-none-eabi/include/c++/11.3.1/backward]
    add: [/apps/gcc-arm-none/bin/../lib/gcc/arm-none-eabi/11.3.1/include]
    add: [/apps/gcc-arm-none/bin/../lib/gcc/arm-none-eabi/11.3.1/include-fixed]
    add: [/apps/gcc-arm-none/bin/../lib/gcc/arm-none-eabi/11.3.1/../../../../arm-none-eabi/include]
  end of search list found
  collapse include dir [/apps/gcc-arm-none/bin/../lib/gcc/arm-none-eabi/11.3.1/../../../../arm-none-eabi/include/c++/11.3.1] ==> [/apps/gcc-arm-none/arm-none-eabi/include/c++/11.3.1]
  collapse include dir [/apps/gcc-arm-none/bin/../lib/gcc/arm-none-eabi/11.3.1/../../../../arm-none-eabi/include/c++/11.3.1/arm-none-eabi/thumb/v6-m/nofp] ==> [/apps/gcc-arm-none/arm-none-eabi/include/c++/11.3.1/arm-none-eabi/thumb/v6-m/nofp]
  collapse include dir [/apps/gcc-arm-none/bin/../lib/gcc/arm-none-eabi/11.3.1/../../../../arm-none-eabi/include/c++/11.3.1/backward] ==> [/apps/gcc-arm-none/arm-none-eabi/include/c++/11.3.1/backward]
  collapse include dir [/apps/gcc-arm-none/bin/../lib/gcc/arm-none-eabi/11.3.1/include] ==> [/apps/gcc-arm-none/lib/gcc/arm-none-eabi/11.3.1/include]
  collapse include dir [/apps/gcc-arm-none/bin/../lib/gcc/arm-none-eabi/11.3.1/include-fixed] ==> [/apps/gcc-arm-none/lib/gcc/arm-none-eabi/11.3.1/include-fixed]
  collapse include dir [/apps/gcc-arm-none/bin/../lib/gcc/arm-none-eabi/11.3.1/../../../../arm-none-eabi/include] ==> [/apps/gcc-arm-none/arm-none-eabi/include]
  implicit include dirs: [/apps/gcc-arm-none/arm-none-eabi/include/c++/11.3.1;/apps/gcc-arm-none/arm-none-eabi/include/c++/11.3.1/arm-none-eabi/thumb/v6-m/nofp;/apps/gcc-arm-none/arm-none-eabi/include/c++/11.3.1/backward;/apps/gcc-arm-none/lib/gcc/arm-none-eabi/11.3.1/include;/apps/gcc-arm-none/lib/gcc/arm-none-eabi/11.3.1/include-fixed;/apps/gcc-arm-none/arm-none-eabi/include]


Parsed CXX implicit link information from above output:
  link line regex: [^( *|.*[/\])(arm-none-eabi-ld|CMAKE_LINK_STARTFILE-NOTFOUND|([^/\]+-)?ld|collect2)[^/\]*( |$)]
  ignore line: [Change Dir: /workspaces/pico-sdk-blink/bulid/CMakeFiles/CMakeTmp]
  ignore line: []
  ignore line: [Run Build Command(s):/usr/bin/gmake -f Makefile cmTC_c4ae1/fast && /usr/bin/gmake  -f CMakeFiles/cmTC_c4ae1.dir/build.make CMakeFiles/cmTC_c4ae1.dir/build]
  ignore line: [gmake[1]: Entering directory '/workspaces/pico-sdk-blink/bulid/CMakeFiles/CMakeTmp']
  ignore line: [Building CXX object CMakeFiles/cmTC_c4ae1.dir/CMakeCXXCompilerABI.cpp.obj]
  ignore line: [/apps/gcc-arm-none/bin/arm-none-eabi-g++   -mcpu=cortex-m0plus -mthumb    -v -o CMakeFiles/cmTC_c4ae1.dir/CMakeCXXCompilerABI.cpp.obj -c /usr/share/cmake-3.22/Modules/CMakeCXXCompilerABI.cpp]
  ignore line: [Using built-in specs.]
  ignore line: [COLLECT_GCC=/apps/gcc-arm-none/bin/arm-none-eabi-g++]
  ignore line: [Target: arm-none-eabi]
  ignore line: [Configured with: /data/jenkins/workspace/GNU-toolchain/arm-11/src/gcc/configure --target=arm-none-eabi --prefix=/data/jenkins/workspace/GNU-toolchain/arm-11/build-arm-none-eabi/install --with-gmp=/data/jenkins/workspace/GNU-toolchain/arm-11/build-arm-none-eabi/host-tools --with-mpfr=/data/jenkins/workspace/GNU-toolchain/arm-11/build-arm-none-eabi/host-tools --with-mpc=/data/jenkins/workspace/GNU-toolchain/arm-11/build-arm-none-eabi/host-tools --with-isl=/data/jenkins/workspace/GNU-toolchain/arm-11/build-arm-none-eabi/host-tools --disable-shared --disable-nls --disable-threads --disable-tls --enable-checking=release --enable-languages=c,c++,fortran --with-newlib --with-gnu-as --with-gnu-ld --with-sysroot=/data/jenkins/workspace/GNU-toolchain/arm-11/build-arm-none-eabi/install/arm-none-eabi --with-multilib-list=aprofile,rmprofile --with-pkgversion='Arm GNU Toolchain 11.3.Rel1' --with-bugurl=https://bugs.linaro.org/]
  ignore line: [Thread model: single]
  ignore line: [Supported LTO compression algorithms: zlib]
  ignore line: [gcc version 11.3.1 20220712 (Arm GNU Toolchain 11.3.Rel1) ]
  ignore line: [COLLECT_GCC_OPTIONS='-mcpu=cortex-m0plus' '-mthumb' '-v' '-o' 'CMakeFiles/cmTC_c4ae1.dir/CMakeCXXCompilerABI.cpp.obj' '-c' '-mfloat-abi=soft' '-mlibarch=armv6s-m' '-march=armv6s-m' '-dumpdir' 'CMakeFiles/cmTC_c4ae1.dir/']
  ignore line: [ /apps/gcc-arm-none/bin/../libexec/gcc/arm-none-eabi/11.3.1/cc1plus -quiet -v -imultilib thumb/v6-m/nofp -iprefix /apps/gcc-arm-none/bin/../lib/gcc/arm-none-eabi/11.3.1/ -isysroot /apps/gcc-arm-none/bin/../arm-none-eabi -D__USES_INITFINI__ /usr/share/cmake-3.22/Modules/CMakeCXXCompilerABI.cpp -quiet -dumpdir CMakeFiles/cmTC_c4ae1.dir/ -dumpbase CMakeCXXCompilerABI.cpp.cpp -dumpbase-ext .cpp -mcpu=cortex-m0plus -mthumb -mfloat-abi=soft -mlibarch=armv6s-m -march=armv6s-m -version -o /tmp/ccQoUGNj.s]
  ignore line: [GNU C++17 (Arm GNU Toolchain 11.3.Rel1) version 11.3.1 20220712 (arm-none-eabi)]
  ignore line: [	compiled by GNU C version 4.8.5 20150623 (Red Hat 4.8.5-44)  GMP version 6.2.1  MPFR version 3.1.6  MPC version 1.0.3  isl version isl-0.15-1-g835ea3a-GMP]
  ignore line: []
  ignore line: [GGC heuristics: --param ggc-min-expand=100 --param ggc-min-heapsize=131072]
  ignore line: [ignoring duplicate directory "/apps/gcc-arm-none/bin/../lib/gcc/../../lib/gcc/arm-none-eabi/11.3.1/../../../../arm-none-eabi/include/c++/11.3.1"]
  ignore line: [ignoring duplicate directory "/apps/gcc-arm-none/bin/../lib/gcc/../../lib/gcc/arm-none-eabi/11.3.1/../../../../arm-none-eabi/include/c++/11.3.1/arm-none-eabi/thumb/v6-m/nofp"]
  ignore line: [ignoring duplicate directory "/apps/gcc-arm-none/bin/../lib/gcc/../../lib/gcc/arm-none-eabi/11.3.1/../../../../arm-none-eabi/include/c++/11.3.1/backward"]
  ignore line: [ignoring duplicate directory "/apps/gcc-arm-none/bin/../lib/gcc/../../lib/gcc/arm-none-eabi/11.3.1/include"]
  ignore line: [ignoring nonexistent directory "/apps/gcc-arm-none/bin/../arm-none-eabi/usr/local/include"]
  ignore line: [ignoring duplicate directory "/apps/gcc-arm-none/bin/../lib/gcc/../../lib/gcc/arm-none-eabi/11.3.1/include-fixed"]
  ignore line: [ignoring duplicate directory "/apps/gcc-arm-none/bin/../lib/gcc/../../lib/gcc/arm-none-eabi/11.3.1/../../../../arm-none-eabi/include"]
  ignore line: [ignoring nonexistent directory "/apps/gcc-arm-none/bin/../arm-none-eabi/usr/include"]
  ignore line: [#include "..." search starts here:]
  ignore line: [#include <...> search starts here:]
  ignore line: [ /apps/gcc-arm-none/bin/../lib/gcc/arm-none-eabi/11.3.1/../../../../arm-none-eabi/include/c++/11.3.1]
  ignore line: [ /apps/gcc-arm-none/bin/../lib/gcc/arm-none-eabi/11.3.1/../../../../arm-none-eabi/include/c++/11.3.1/arm-none-eabi/thumb/v6-m/nofp]
  ignore line: [ /apps/gcc-arm-none/bin/../lib/gcc/arm-none-eabi/11.3.1/../../../../arm-none-eabi/include/c++/11.3.1/backward]
  ignore line: [ /apps/gcc-arm-none/bin/../lib/gcc/arm-none-eabi/11.3.1/include]
  ignore line: [ /apps/gcc-arm-none/bin/../lib/gcc/arm-none-eabi/11.3.1/include-fixed]
  ignore line: [ /apps/gcc-arm-none/bin/../lib/gcc/arm-none-eabi/11.3.1/../../../../arm-none-eabi/include]
  ignore line: [End of search list.]
  ignore line: [GNU C++17 (Arm GNU Toolchain 11.3.Rel1) version 11.3.1 20220712 (arm-none-eabi)]
  ignore line: [	compiled by GNU C version 4.8.5 20150623 (Red Hat 4.8.5-44)  GMP version 6.2.1  MPFR version 3.1.6  MPC version 1.0.3  isl version isl-0.15-1-g835ea3a-GMP]
  ignore line: []
  ignore line: [GGC heuristics: --param ggc-min-expand=100 --param ggc-min-heapsize=131072]
  ignore line: [Compiler executable checksum: 4ad1443e6a345a117fb272ac1069ae94]
  ignore line: [COLLECT_GCC_OPTIONS='-mcpu=cortex-m0plus' '-mthumb' '-v' '-o' 'CMakeFiles/cmTC_c4ae1.dir/CMakeCXXCompilerABI.cpp.obj' '-c' '-mfloat-abi=soft' '-mlibarch=armv6s-m' '-march=armv6s-m' '-dumpdir' 'CMakeFiles/cmTC_c4ae1.dir/']
  ignore line: [ /apps/gcc-arm-none/bin/../lib/gcc/arm-none-eabi/11.3.1/../../../../arm-none-eabi/bin/as -v -march=armv6s-m -mfloat-abi=soft -meabi=5 -o CMakeFiles/cmTC_c4ae1.dir/CMakeCXXCompilerABI.cpp.obj /tmp/ccQoUGNj.s]
  ignore line: [GNU assembler version 2.38 (arm-none-eabi) using BFD version (Arm GNU Toolchain 11.3.Rel1) 2.38.20220708]
  ignore line: [COMPILER_PATH=/apps/gcc-arm-none/bin/../libexec/gcc/arm-none-eabi/11.3.1/:/apps/gcc-arm-none/bin/../libexec/gcc/:/apps/gcc-arm-none/bin/../lib/gcc/arm-none-eabi/11.3.1/../../../../arm-none-eabi/bin/]
  ignore line: [LIBRARY_PATH=/apps/gcc-arm-none/bin/../lib/gcc/arm-none-eabi/11.3.1/thumb/v6-m/nofp/:/apps/gcc-arm-none/bin/../lib/gcc/arm-none-eabi/11.3.1/../../../../arm-none-eabi/lib/thumb/v6-m/nofp/:/apps/gcc-arm-none/bin/../arm-none-eabi/lib/thumb/v6-m/nofp/:/apps/gcc-arm-none/bin/../lib/gcc/arm-none-eabi/11.3.1/:/apps/gcc-arm-none/bin/../lib/gcc/:/apps/gcc-arm-none/bin/../lib/gcc/arm-none-eabi/11.3.1/../../../../arm-none-eabi/lib/:/apps/gcc-arm-none/bin/../arm-none-eabi/lib/]
  ignore line: [COLLECT_GCC_OPTIONS='-mcpu=cortex-m0plus' '-mthumb' '-v' '-o' 'CMakeFiles/cmTC_c4ae1.dir/CMakeCXXCompilerABI.cpp.obj' '-c' '-mfloat-abi=soft' '-mlibarch=armv6s-m' '-march=armv6s-m' '-dumpdir' 'CMakeFiles/cmTC_c4ae1.dir/CMakeCXXCompilerABI.cpp.']
  ignore line: [Linking CXX executable cmTC_c4ae1.elf]
  ignore line: [/usr/bin/cmake -E cmake_link_script CMakeFiles/cmTC_c4ae1.dir/link.txt --verbose=1]
  ignore line: [/apps/gcc-arm-none/bin/arm-none-eabi-g++ -mcpu=cortex-m0plus -mthumb  -Wl --build-id=none -nostdlib  -v CMakeFiles/cmTC_c4ae1.dir/CMakeCXXCompilerABI.cpp.obj -o cmTC_c4ae1.elf ]
  ignore line: [Using built-in specs.]
  ignore line: [COLLECT_GCC=/apps/gcc-arm-none/bin/arm-none-eabi-g++]
  ignore line: [COLLECT_LTO_WRAPPER=/apps/gcc-arm-none/bin/../libexec/gcc/arm-none-eabi/11.3.1/lto-wrapper]
  ignore line: [Target: arm-none-eabi]
  ignore line: [Configured with: /data/jenkins/workspace/GNU-toolchain/arm-11/src/gcc/configure --target=arm-none-eabi --prefix=/data/jenkins/workspace/GNU-toolchain/arm-11/build-arm-none-eabi/install --with-gmp=/data/jenkins/workspace/GNU-toolchain/arm-11/build-arm-none-eabi/host-tools --with-mpfr=/data/jenkins/workspace/GNU-toolchain/arm-11/build-arm-none-eabi/host-tools --with-mpc=/data/jenkins/workspace/GNU-toolchain/arm-11/build-arm-none-eabi/host-tools --with-isl=/data/jenkins/workspace/GNU-toolchain/arm-11/build-arm-none-eabi/host-tools --disable-shared --disable-nls --disable-threads --disable-tls --enable-checking=release --enable-languages=c,c++,fortran --with-newlib --with-gnu-as --with-gnu-ld --with-sysroot=/data/jenkins/workspace/GNU-toolchain/arm-11/build-arm-none-eabi/install/arm-none-eabi --with-multilib-list=aprofile,rmprofile --with-pkgversion='Arm GNU Toolchain 11.3.Rel1' --with-bugurl=https://bugs.linaro.org/]
  ignore line: [Thread model: single]
  ignore line: [Supported LTO compression algorithms: zlib]
  ignore line: [gcc version 11.3.1 20220712 (Arm GNU Toolchain 11.3.Rel1) ]
  ignore line: [COMPILER_PATH=/apps/gcc-arm-none/bin/../libexec/gcc/arm-none-eabi/11.3.1/:/apps/gcc-arm-none/bin/../libexec/gcc/:/apps/gcc-arm-none/bin/../lib/gcc/arm-none-eabi/11.3.1/../../../../arm-none-eabi/bin/]
  ignore line: [LIBRARY_PATH=/apps/gcc-arm-none/bin/../lib/gcc/arm-none-eabi/11.3.1/thumb/v6-m/nofp/:/apps/gcc-arm-none/bin/../lib/gcc/arm-none-eabi/11.3.1/../../../../arm-none-eabi/lib/thumb/v6-m/nofp/:/apps/gcc-arm-none/bin/../arm-none-eabi/lib/thumb/v6-m/nofp/:/apps/gcc-arm-none/bin/../lib/gcc/arm-none-eabi/11.3.1/:/apps/gcc-arm-none/bin/../lib/gcc/:/apps/gcc-arm-none/bin/../lib/gcc/arm-none-eabi/11.3.1/../../../../arm-none-eabi/lib/:/apps/gcc-arm-none/bin/../arm-none-eabi/lib/]
  ignore line: [COLLECT_GCC_OPTIONS='-mcpu=cortex-m0plus' '-mthumb' '-nostdlib' '-v' '-o' 'cmTC_c4ae1.elf' '-mfloat-abi=soft' '-mlibarch=armv6s-m' '-march=armv6s-m' '-dumpdir' 'cmTC_c4ae1.elf.']
  link line: [ /apps/gcc-arm-none/bin/../libexec/gcc/arm-none-eabi/11.3.1/collect2 -plugin /apps/gcc-arm-none/bin/../libexec/gcc/arm-none-eabi/11.3.1/liblto_plugin.so -plugin-opt=/apps/gcc-arm-none/bin/../libexec/gcc/arm-none-eabi/11.3.1/lto-wrapper -plugin-opt=-fresolution=/tmp/ccN4seCT.res --sysroot=/apps/gcc-arm-none/bin/../arm-none-eabi -X -o cmTC_c4ae1.elf -L/apps/gcc-arm-none/bin/../lib/gcc/arm-none-eabi/11.3.1/thumb/v6-m/nofp -L/apps/gcc-arm-none/bin/../lib/gcc/arm-none-eabi/11.3.1/../../../../arm-none-eabi/lib/thumb/v6-m/nofp -L/apps/gcc-arm-none/bin/../arm-none-eabi/lib/thumb/v6-m/nofp -L/apps/gcc-arm-none/bin/../lib/gcc/arm-none-eabi/11.3.1 -L/apps/gcc-arm-none/bin/../lib/gcc -L/apps/gcc-arm-none/bin/../lib/gcc/arm-none-eabi/11.3.1/../../../../arm-none-eabi/lib -L/apps/gcc-arm-none/bin/../arm-none-eabi/lib --build-id=none CMakeFiles/cmTC_c4ae1.dir/CMakeCXXCompilerABI.cpp.obj]
    arg [/apps/gcc-arm-none/bin/../libexec/gcc/arm-none-eabi/11.3.1/collect2] ==> ignore
    arg [-plugin] ==> ignore
    arg [/apps/gcc-arm-none/bin/../libexec/gcc/arm-none-eabi/11.3.1/liblto_plugin.so] ==> ignore
    arg [-plugin-opt=/apps/gcc-arm-none/bin/../libexec/gcc/arm-none-eabi/11.3.1/lto-wrapper] ==> ignore
    arg [-plugin-opt=-fresolution=/tmp/ccN4seCT.res] ==> ignore
    arg [--sysroot=/apps/gcc-arm-none/bin/../arm-none-eabi] ==> ignore
    arg [-X] ==> ignore
    arg [-o] ==> ignore
    arg [cmTC_c4ae1.elf] ==> ignore
    arg [-L/apps/gcc-arm-none/bin/../lib/gcc/arm-none-eabi/11.3.1/thumb/v6-m/nofp] ==> dir [/apps/gcc-arm-none/bin/../lib/gcc/arm-none-eabi/11.3.1/thumb/v6-m/nofp]
    arg [-L/apps/gcc-arm-none/bin/../lib/gcc/arm-none-eabi/11.3.1/../../../../arm-none-eabi/lib/thumb/v6-m/nofp] ==> dir [/apps/gcc-arm-none/bin/../lib/gcc/arm-none-eabi/11.3.1/../../../../arm-none-eabi/lib/thumb/v6-m/nofp]
    arg [-L/apps/gcc-arm-none/bin/../arm-none-eabi/lib/thumb/v6-m/nofp] ==> dir [/apps/gcc-arm-none/bin/../arm-none-eabi/lib/thumb/v6-m/nofp]
    arg [-L/apps/gcc-arm-none/bin/../lib/gcc/arm-none-eabi/11.3.1] ==> dir [/apps/gcc-arm-none/bin/../lib/gcc/arm-none-eabi/11.3.1]
    arg [-L/apps/gcc-arm-none/bin/../lib/gcc] ==> dir [/apps/gcc-arm-none/bin/../lib/gcc]
    arg [-L/apps/gcc-arm-none/bin/../lib/gcc/arm-none-eabi/11.3.1/../../../../arm-none-eabi/lib] ==> dir [/apps/gcc-arm-none/bin/../lib/gcc/arm-none-eabi/11.3.1/../../../../arm-none-eabi/lib]
    arg [-L/apps/gcc-arm-none/bin/../arm-none-eabi/lib] ==> dir [/apps/gcc-arm-none/bin/../arm-none-eabi/lib]
    arg [--build-id=none] ==> ignore
    arg [CMakeFiles/cmTC_c4ae1.dir/CMakeCXXCompilerABI.cpp.obj] ==> ignore
  collapse library dir [/apps/gcc-arm-none/bin/../lib/gcc/arm-none-eabi/11.3.1/thumb/v6-m/nofp] ==> [/apps/gcc-arm-none/lib/gcc/arm-none-eabi/11.3.1/thumb/v6-m/nofp]
  collapse library dir [/apps/gcc-arm-none/bin/../lib/gcc/arm-none-eabi/11.3.1/../../../../arm-none-eabi/lib/thumb/v6-m/nofp] ==> [/apps/gcc-arm-none/arm-none-eabi/lib/thumb/v6-m/nofp]
  collapse library dir [/apps/gcc-arm-none/bin/../arm-none-eabi/lib/thumb/v6-m/nofp] ==> [/apps/gcc-arm-none/arm-none-eabi/lib/thumb/v6-m/nofp]
  collapse library dir [/apps/gcc-arm-none/bin/../lib/gcc/arm-none-eabi/11.3.1] ==> [/apps/gcc-arm-none/lib/gcc/arm-none-eabi/11.3.1]
  collapse library dir [/apps/gcc-arm-none/bin/../lib/gcc] ==> [/apps/gcc-arm-none/lib/gcc]
  collapse library dir [/apps/gcc-arm-none/bin/../lib/gcc/arm-none-eabi/11.3.1/../../../../arm-none-eabi/lib] ==> [/apps/gcc-arm-none/arm-none-eabi/lib]
  collapse library dir [/apps/gcc-arm-none/bin/../arm-none-eabi/lib] ==> [/apps/gcc-arm-none/arm-none-eabi/lib]
  implicit libs: []
  implicit objs: []
  implicit dirs: [/apps/gcc-arm-none/lib/gcc/arm-none-eabi/11.3.1/thumb/v6-m/nofp;/apps/gcc-arm-none/arm-none-eabi/lib/thumb/v6-m/nofp;/apps/gcc-arm-none/lib/gcc/arm-none-eabi/11.3.1;/apps/gcc-arm-none/lib/gcc;/apps/gcc-arm-none/arm-none-eabi/lib]
  implicit fwks: []


